[0.013s] Invoking command in '/home/lkf/Desktop/chassis_serial/build/chassis_serial_driver': CMAKE_PREFIX_PATH=${CMAKE_PREFIX_PATH}:/opt/ros/humble /usr/bin/cmake --build /home/lkf/Desktop/chassis_serial/build/chassis_serial_driver -- -j16 -l16
[0.058s] [35m[1mConsolidate compiler generated dependencies of target chassis_serial_driver_node[0m
[0.058s] [35m[1mConsolidate compiler generated dependencies of target chassis_serial_driver[0m
[0.082s] [ 40%] Built target chassis_serial_driver_node
[0.086s] [100%] Built target chassis_serial_driver
[0.096s] Invoked command in '/home/lkf/Desktop/chassis_serial/build/chassis_serial_driver' returned '0': CMAKE_PREFIX_PATH=${CMAKE_PREFIX_PATH}:/opt/ros/humble /usr/bin/cmake --build /home/lkf/Desktop/chassis_serial/build/chassis_serial_driver -- -j16 -l16
[0.144s] Invoking command in '/home/lkf/Desktop/chassis_serial/build/chassis_serial_driver': CMAKE_PREFIX_PATH=${CMAKE_PREFIX_PATH}:/opt/ros/humble /usr/bin/cmake --install /home/lkf/Desktop/chassis_serial/build/chassis_serial_driver
[0.150s] -- Install configuration: ""
[0.150s] -- Up-to-date: /home/lkf/Desktop/chassis_serial/install/chassis_serial_driver/lib/chassis_serial_driver/chassis_serial_driver_node
[0.151s] -- Up-to-date: /home/lkf/Desktop/chassis_serial/install/chassis_serial_driver/include
[0.151s] -- Up-to-date: /home/lkf/Desktop/chassis_serial/install/chassis_serial_driver/include/chassis_serial_driver
[0.151s] -- Up-to-date: /home/lkf/Desktop/chassis_serial/install/chassis_serial_driver/include/chassis_serial_driver/packet.hpp
[0.151s] -- Up-to-date: /home/lkf/Desktop/chassis_serial/install/chassis_serial_driver/include/chassis_serial_driver/crc.hpp
[0.151s] -- Up-to-date: /home/lkf/Desktop/chassis_serial/install/chassis_serial_driver/include/chassis_serial_driver/chassis_serial_driver.hpp
[0.151s] -- Up-to-date: /home/lkf/Desktop/chassis_serial/install/chassis_serial_driver/share/chassis_serial_driver/environment/library_path.sh
[0.151s] -- Up-to-date: /home/lkf/Desktop/chassis_serial/install/chassis_serial_driver/share/chassis_serial_driver/environment/library_path.dsv
[0.151s] -- Up-to-date: /home/lkf/Desktop/chassis_serial/install/chassis_serial_driver/lib/libchassis_serial_driver.so
[0.151s] -- Up-to-date: /home/lkf/Desktop/chassis_serial/install/chassis_serial_driver/share/chassis_serial_driver/config
[0.151s] -- Installing: /home/lkf/Desktop/chassis_serial/install/chassis_serial_driver/share/chassis_serial_driver/config/serial_driver.yaml
[0.151s] -- Up-to-date: /home/lkf/Desktop/chassis_serial/install/chassis_serial_driver/share/chassis_serial_driver/launch
[0.152s] -- Up-to-date: /home/lkf/Desktop/chassis_serial/install/chassis_serial_driver/share/chassis_serial_driver/launch/serial_driver.launch.py
[0.152s] -- Up-to-date: /home/lkf/Desktop/chassis_serial/install/chassis_serial_driver/share/ament_index/resource_index/package_run_dependencies/chassis_serial_driver
[0.152s] -- Up-to-date: /home/lkf/Desktop/chassis_serial/install/chassis_serial_driver/share/ament_index/resource_index/parent_prefix_path/chassis_serial_driver
[0.152s] -- Up-to-date: /home/lkf/Desktop/chassis_serial/install/chassis_serial_driver/share/chassis_serial_driver/environment/ament_prefix_path.sh
[0.152s] -- Up-to-date: /home/lkf/Desktop/chassis_serial/install/chassis_serial_driver/share/chassis_serial_driver/environment/ament_prefix_path.dsv
[0.152s] -- Up-to-date: /home/lkf/Desktop/chassis_serial/install/chassis_serial_driver/share/chassis_serial_driver/environment/path.sh
[0.152s] -- Up-to-date: /home/lkf/Desktop/chassis_serial/install/chassis_serial_driver/share/chassis_serial_driver/environment/path.dsv
[0.152s] -- Up-to-date: /home/lkf/Desktop/chassis_serial/install/chassis_serial_driver/share/chassis_serial_driver/local_setup.bash
[0.152s] -- Up-to-date: /home/lkf/Desktop/chassis_serial/install/chassis_serial_driver/share/chassis_serial_driver/local_setup.sh
[0.152s] -- Up-to-date: /home/lkf/Desktop/chassis_serial/install/chassis_serial_driver/share/chassis_serial_driver/local_setup.zsh
[0.152s] -- Up-to-date: /home/lkf/Desktop/chassis_serial/install/chassis_serial_driver/share/chassis_serial_driver/local_setup.dsv
[0.152s] -- Installing: /home/lkf/Desktop/chassis_serial/install/chassis_serial_driver/share/chassis_serial_driver/package.dsv
[0.152s] -- Up-to-date: /home/lkf/Desktop/chassis_serial/install/chassis_serial_driver/share/ament_index/resource_index/packages/chassis_serial_driver
[0.152s] -- Up-to-date: /home/lkf/Desktop/chassis_serial/install/chassis_serial_driver/share/ament_index/resource_index/rclcpp_components/chassis_serial_driver
[0.153s] -- Up-to-date: /home/lkf/Desktop/chassis_serial/install/chassis_serial_driver/share/chassis_serial_driver/cmake/ament_cmake_export_dependencies-extras.cmake
[0.153s] -- Up-to-date: /home/lkf/Desktop/chassis_serial/install/chassis_serial_driver/share/chassis_serial_driver/cmake/ament_cmake_export_include_directories-extras.cmake
[0.153s] -- Up-to-date: /home/lkf/Desktop/chassis_serial/install/chassis_serial_driver/share/chassis_serial_driver/cmake/ament_cmake_export_libraries-extras.cmake
[0.153s] -- Up-to-date: /home/lkf/Desktop/chassis_serial/install/chassis_serial_driver/share/chassis_serial_driver/cmake/chassis_serial_driverConfig.cmake
[0.153s] -- Up-to-date: /home/lkf/Desktop/chassis_serial/install/chassis_serial_driver/share/chassis_serial_driver/cmake/chassis_serial_driverConfig-version.cmake
[0.153s] -- Up-to-date: /home/lkf/Desktop/chassis_serial/install/chassis_serial_driver/share/chassis_serial_driver/package.xml
[0.154s] Invoked command in '/home/lkf/Desktop/chassis_serial/build/chassis_serial_driver' returned '0': CMAKE_PREFIX_PATH=${CMAKE_PREFIX_PATH}:/opt/ros/humble /usr/bin/cmake --install /home/lkf/Desktop/chassis_serial/build/chassis_serial_driver
