[0.076s] DEBUG:colcon:Command line arguments: ['/usr/bin/colcon', 'build']
[0.076s] DEBUG:colcon:Parsed command line arguments: Namespace(log_base=None, log_level=None, verb_name='build', build_base='build', install_base='install', merge_install=False, symlink_install=False, test_result_base=None, continue_on_error=False, executor='parallel', parallel_workers=16, event_handlers=None, ignore_user_meta=False, metas=['./colcon.meta'], base_paths=['.'], packages_ignore=None, packages_ignore_regex=None, paths=None, packages_up_to=None, packages_up_to_regex=None, packages_above=None, packages_above_and_dependencies=None, packages_above_depth=None, packages_select_by_dep=None, packages_skip_by_dep=None, packages_skip_up_to=None, packages_select_build_failed=False, packages_skip_build_finished=False, packages_select_test_failures=False, packages_skip_test_passed=False, packages_select=None, packages_skip=None, packages_select_regex=None, packages_skip_regex=None, packages_start=None, packages_end=None, allow_overriding=[], cmake_args=None, cmake_target=None, cmake_target_skip_unavailable=False, cmake_clean_cache=False, cmake_clean_first=False, cmake_force_configure=False, ament_cmake_args=None, catkin_cmake_args=None, catkin_skip_building_tests=False, verb_parser=<colcon_defaults.argument_parser.defaults.DefaultArgumentsDecorator object at 0x7ae371e461d0>, verb_extension=<colcon_core.verb.build.BuildVerb object at 0x7ae371fb3730>, main=<bound method BuildVerb.main of <colcon_core.verb.build.BuildVerb object at 0x7ae371fb3730>>)
[0.114s] Level 1:colcon.colcon_core.package_discovery:discover_packages(colcon_meta) check parameters
[0.114s] Level 1:colcon.colcon_core.package_discovery:discover_packages(recursive) check parameters
[0.114s] Level 1:colcon.colcon_core.package_discovery:discover_packages(ignore) check parameters
[0.114s] Level 1:colcon.colcon_core.package_discovery:discover_packages(path) check parameters
[0.114s] Level 1:colcon.colcon_core.package_discovery:discover_packages(colcon_meta) discover
[0.114s] Level 1:colcon.colcon_core.package_discovery:discover_packages(recursive) discover
[0.114s] INFO:colcon.colcon_core.package_discovery:Crawling recursively for packages in '/home/lkf/Desktop/chassis_serial'
[0.114s] Level 1:colcon.colcon_core.package_identification:_identify(.) by extensions ['ignore', 'ignore_ament_install']
[0.114s] Level 1:colcon.colcon_core.package_identification:_identify(.) by extension 'ignore'
[0.114s] Level 1:colcon.colcon_core.package_identification:_identify(.) by extension 'ignore_ament_install'
[0.114s] Level 1:colcon.colcon_core.package_identification:_identify(.) by extensions ['colcon_pkg']
[0.114s] Level 1:colcon.colcon_core.package_identification:_identify(.) by extension 'colcon_pkg'
[0.114s] Level 1:colcon.colcon_core.package_identification:_identify(.) by extensions ['colcon_meta']
[0.114s] Level 1:colcon.colcon_core.package_identification:_identify(.) by extension 'colcon_meta'
[0.114s] Level 1:colcon.colcon_core.package_identification:_identify(.) by extensions ['ros']
[0.115s] Level 1:colcon.colcon_core.package_identification:_identify(.) by extension 'ros'
[0.118s] DEBUG:colcon.colcon_core.package_identification:Package '.' with type 'ros.ament_cmake' and name 'chassis_serial_driver'
[0.118s] Level 1:colcon.colcon_core.package_discovery:discover_packages(recursive) using defaults
[0.119s] Level 1:colcon.colcon_core.package_discovery:discover_packages(ignore) discover
[0.119s] Level 1:colcon.colcon_core.package_discovery:discover_packages(ignore) using defaults
[0.119s] Level 1:colcon.colcon_core.package_discovery:discover_packages(path) discover
[0.119s] Level 1:colcon.colcon_core.package_discovery:discover_packages(path) using defaults
[0.132s] Level 1:colcon.colcon_core.package_discovery:discover_packages(prefix_path) check parameters
[0.132s] Level 1:colcon.colcon_core.package_discovery:discover_packages(prefix_path) discover
[0.135s] DEBUG:colcon.colcon_installed_package_information.package_discovery:Found 423 installed packages in /opt/ros/humble
[0.136s] Level 1:colcon.colcon_core.package_discovery:discover_packages(prefix_path) using defaults
[0.174s] Level 5:colcon.colcon_core.verb:set package 'chassis_serial_driver' build argument 'cmake_args' from command line to 'None'
[0.174s] Level 5:colcon.colcon_core.verb:set package 'chassis_serial_driver' build argument 'cmake_target' from command line to 'None'
[0.174s] Level 5:colcon.colcon_core.verb:set package 'chassis_serial_driver' build argument 'cmake_target_skip_unavailable' from command line to 'False'
[0.174s] Level 5:colcon.colcon_core.verb:set package 'chassis_serial_driver' build argument 'cmake_clean_cache' from command line to 'False'
[0.174s] Level 5:colcon.colcon_core.verb:set package 'chassis_serial_driver' build argument 'cmake_clean_first' from command line to 'False'
[0.174s] Level 5:colcon.colcon_core.verb:set package 'chassis_serial_driver' build argument 'cmake_force_configure' from command line to 'False'
[0.174s] Level 5:colcon.colcon_core.verb:set package 'chassis_serial_driver' build argument 'ament_cmake_args' from command line to 'None'
[0.174s] Level 5:colcon.colcon_core.verb:set package 'chassis_serial_driver' build argument 'catkin_cmake_args' from command line to 'None'
[0.175s] Level 5:colcon.colcon_core.verb:set package 'chassis_serial_driver' build argument 'catkin_skip_building_tests' from command line to 'False'
[0.175s] DEBUG:colcon.colcon_core.verb:Building package 'chassis_serial_driver' with the following arguments: {'ament_cmake_args': None, 'build_base': '/home/lkf/Desktop/chassis_serial/build/chassis_serial_driver', 'catkin_cmake_args': None, 'catkin_skip_building_tests': False, 'cmake_args': None, 'cmake_clean_cache': False, 'cmake_clean_first': False, 'cmake_force_configure': False, 'cmake_target': None, 'cmake_target_skip_unavailable': False, 'install_base': '/home/lkf/Desktop/chassis_serial/install/chassis_serial_driver', 'merge_install': False, 'path': '/home/lkf/Desktop/chassis_serial', 'symlink_install': False, 'test_result_base': None}
[0.175s] INFO:colcon.colcon_core.executor:Executing jobs using 'parallel' executor
[0.176s] DEBUG:colcon.colcon_parallel_executor.executor.parallel:run_until_complete
[0.176s] INFO:colcon.colcon_ros.task.ament_cmake.build:Building ROS package in '/home/lkf/Desktop/chassis_serial' with build type 'ament_cmake'
[0.176s] INFO:colcon.colcon_cmake.task.cmake.build:Building CMake package in '/home/lkf/Desktop/chassis_serial'
[0.178s] INFO:colcon.colcon_core.plugin_system:Skipping extension 'colcon_core.shell.bat': Not used on non-Windows systems
[0.178s] INFO:colcon.colcon_core.shell:Skip shell extension 'powershell' for command environment: Not usable outside of PowerShell
[0.178s] DEBUG:colcon.colcon_core.shell:Skip shell extension 'dsv' for command environment
[0.186s] DEBUG:colcon.colcon_core.event_handler.log_command:Invoking command in '/home/lkf/Desktop/chassis_serial/build/chassis_serial_driver': CMAKE_PREFIX_PATH=/opt/ros/humble /usr/bin/cmake /home/lkf/Desktop/chassis_serial -DCMAKE_INSTALL_PREFIX=/home/lkf/Desktop/chassis_serial/install/chassis_serial_driver
[1.563s] DEBUG:colcon.colcon_core.event_handler.log_command:Invoked command in '/home/lkf/Desktop/chassis_serial/build/chassis_serial_driver' returned '0': CMAKE_PREFIX_PATH=/opt/ros/humble /usr/bin/cmake /home/lkf/Desktop/chassis_serial -DCMAKE_INSTALL_PREFIX=/home/lkf/Desktop/chassis_serial/install/chassis_serial_driver
[1.566s] DEBUG:colcon.colcon_core.event_handler.log_command:Invoking command in '/home/lkf/Desktop/chassis_serial/build/chassis_serial_driver': CMAKE_PREFIX_PATH=/opt/ros/humble /usr/bin/cmake --build /home/lkf/Desktop/chassis_serial/build/chassis_serial_driver -- -j16 -l16
[9.070s] DEBUG:colcon.colcon_core.event_handler.log_command:Invoked command in '/home/lkf/Desktop/chassis_serial/build/chassis_serial_driver' returned '0': CMAKE_PREFIX_PATH=/opt/ros/humble /usr/bin/cmake --build /home/lkf/Desktop/chassis_serial/build/chassis_serial_driver -- -j16 -l16
[9.116s] DEBUG:colcon.colcon_core.event_handler.log_command:Invoking command in '/home/lkf/Desktop/chassis_serial/build/chassis_serial_driver': CMAKE_PREFIX_PATH=/opt/ros/humble /usr/bin/cmake --install /home/lkf/Desktop/chassis_serial/build/chassis_serial_driver
[9.134s] Level 1:colcon.colcon_core.environment:create_environment_scripts_only(chassis_serial_driver)
[9.135s] DEBUG:colcon.colcon_core.event_handler.log_command:Invoked command in '/home/lkf/Desktop/chassis_serial/build/chassis_serial_driver' returned '0': CMAKE_PREFIX_PATH=/opt/ros/humble /usr/bin/cmake --install /home/lkf/Desktop/chassis_serial/build/chassis_serial_driver
[9.137s] Level 1:colcon.colcon_core.environment:checking '/home/lkf/Desktop/chassis_serial/install/chassis_serial_driver' for CMake module files
[9.138s] Level 1:colcon.colcon_core.environment:checking '/home/lkf/Desktop/chassis_serial/install/chassis_serial_driver' for CMake config files
[9.138s] Level 1:colcon.colcon_core.shell:create_environment_hook('chassis_serial_driver', 'cmake_prefix_path')
[9.138s] INFO:colcon.colcon_core.shell:Creating environment hook '/home/lkf/Desktop/chassis_serial/install/chassis_serial_driver/share/chassis_serial_driver/hook/cmake_prefix_path.ps1'
[9.139s] INFO:colcon.colcon_core.shell:Creating environment descriptor '/home/lkf/Desktop/chassis_serial/install/chassis_serial_driver/share/chassis_serial_driver/hook/cmake_prefix_path.dsv'
[9.139s] INFO:colcon.colcon_core.shell:Creating environment hook '/home/lkf/Desktop/chassis_serial/install/chassis_serial_driver/share/chassis_serial_driver/hook/cmake_prefix_path.sh'
[9.140s] Level 1:colcon.colcon_core.environment:checking '/home/lkf/Desktop/chassis_serial/install/chassis_serial_driver/lib'
[9.140s] Level 1:colcon.colcon_core.shell:create_environment_hook('chassis_serial_driver', 'ld_library_path_lib')
[9.140s] INFO:colcon.colcon_core.shell:Creating environment hook '/home/lkf/Desktop/chassis_serial/install/chassis_serial_driver/share/chassis_serial_driver/hook/ld_library_path_lib.ps1'
[9.140s] INFO:colcon.colcon_core.shell:Creating environment descriptor '/home/lkf/Desktop/chassis_serial/install/chassis_serial_driver/share/chassis_serial_driver/hook/ld_library_path_lib.dsv'
[9.140s] INFO:colcon.colcon_core.shell:Creating environment hook '/home/lkf/Desktop/chassis_serial/install/chassis_serial_driver/share/chassis_serial_driver/hook/ld_library_path_lib.sh'
[9.140s] Level 1:colcon.colcon_core.environment:checking '/home/lkf/Desktop/chassis_serial/install/chassis_serial_driver/bin'
[9.141s] Level 1:colcon.colcon_core.environment:checking '/home/lkf/Desktop/chassis_serial/install/chassis_serial_driver/lib/pkgconfig/chassis_serial_driver.pc'
[9.141s] Level 1:colcon.colcon_core.environment:checking '/home/lkf/Desktop/chassis_serial/install/chassis_serial_driver/lib/python3.10/site-packages'
[9.141s] Level 1:colcon.colcon_core.environment:checking '/home/lkf/Desktop/chassis_serial/install/chassis_serial_driver/bin'
[9.141s] INFO:colcon.colcon_core.shell:Creating package script '/home/lkf/Desktop/chassis_serial/install/chassis_serial_driver/share/chassis_serial_driver/package.ps1'
[9.141s] INFO:colcon.colcon_core.shell:Creating package descriptor '/home/lkf/Desktop/chassis_serial/install/chassis_serial_driver/share/chassis_serial_driver/package.dsv'
[9.142s] INFO:colcon.colcon_core.shell:Creating package script '/home/lkf/Desktop/chassis_serial/install/chassis_serial_driver/share/chassis_serial_driver/package.sh'
[9.142s] INFO:colcon.colcon_core.shell:Creating package script '/home/lkf/Desktop/chassis_serial/install/chassis_serial_driver/share/chassis_serial_driver/package.bash'
[9.143s] INFO:colcon.colcon_core.shell:Creating package script '/home/lkf/Desktop/chassis_serial/install/chassis_serial_driver/share/chassis_serial_driver/package.zsh'
[9.143s] Level 1:colcon.colcon_core.environment:create_file_with_runtime_dependencies(/home/lkf/Desktop/chassis_serial/install/chassis_serial_driver/share/colcon-core/packages/chassis_serial_driver)
[9.183s] Level 1:colcon.colcon_core.environment:create_environment_scripts_only(chassis_serial_driver)
[9.184s] Level 1:colcon.colcon_core.environment:checking '/home/lkf/Desktop/chassis_serial/install/chassis_serial_driver' for CMake module files
[9.184s] Level 1:colcon.colcon_core.environment:checking '/home/lkf/Desktop/chassis_serial/install/chassis_serial_driver' for CMake config files
[9.185s] Level 1:colcon.colcon_core.shell:create_environment_hook('chassis_serial_driver', 'cmake_prefix_path')
[9.185s] INFO:colcon.colcon_core.shell:Creating environment hook '/home/lkf/Desktop/chassis_serial/install/chassis_serial_driver/share/chassis_serial_driver/hook/cmake_prefix_path.ps1'
[9.185s] INFO:colcon.colcon_core.shell:Creating environment descriptor '/home/lkf/Desktop/chassis_serial/install/chassis_serial_driver/share/chassis_serial_driver/hook/cmake_prefix_path.dsv'
[9.185s] INFO:colcon.colcon_core.shell:Creating environment hook '/home/lkf/Desktop/chassis_serial/install/chassis_serial_driver/share/chassis_serial_driver/hook/cmake_prefix_path.sh'
[9.186s] Level 1:colcon.colcon_core.environment:checking '/home/lkf/Desktop/chassis_serial/install/chassis_serial_driver/lib'
[9.186s] Level 1:colcon.colcon_core.shell:create_environment_hook('chassis_serial_driver', 'ld_library_path_lib')
[9.186s] INFO:colcon.colcon_core.shell:Creating environment hook '/home/lkf/Desktop/chassis_serial/install/chassis_serial_driver/share/chassis_serial_driver/hook/ld_library_path_lib.ps1'
[9.186s] INFO:colcon.colcon_core.shell:Creating environment descriptor '/home/lkf/Desktop/chassis_serial/install/chassis_serial_driver/share/chassis_serial_driver/hook/ld_library_path_lib.dsv'
[9.186s] INFO:colcon.colcon_core.shell:Creating environment hook '/home/lkf/Desktop/chassis_serial/install/chassis_serial_driver/share/chassis_serial_driver/hook/ld_library_path_lib.sh'
[9.187s] Level 1:colcon.colcon_core.environment:checking '/home/lkf/Desktop/chassis_serial/install/chassis_serial_driver/bin'
[9.187s] Level 1:colcon.colcon_core.environment:checking '/home/lkf/Desktop/chassis_serial/install/chassis_serial_driver/lib/pkgconfig/chassis_serial_driver.pc'
[9.187s] Level 1:colcon.colcon_core.environment:checking '/home/lkf/Desktop/chassis_serial/install/chassis_serial_driver/lib/python3.10/site-packages'
[9.187s] Level 1:colcon.colcon_core.environment:checking '/home/lkf/Desktop/chassis_serial/install/chassis_serial_driver/bin'
[9.187s] INFO:colcon.colcon_core.shell:Creating package script '/home/lkf/Desktop/chassis_serial/install/chassis_serial_driver/share/chassis_serial_driver/package.ps1'
[9.188s] INFO:colcon.colcon_core.shell:Creating package descriptor '/home/lkf/Desktop/chassis_serial/install/chassis_serial_driver/share/chassis_serial_driver/package.dsv'
[9.188s] INFO:colcon.colcon_core.shell:Creating package script '/home/lkf/Desktop/chassis_serial/install/chassis_serial_driver/share/chassis_serial_driver/package.sh'
[9.188s] INFO:colcon.colcon_core.shell:Creating package script '/home/lkf/Desktop/chassis_serial/install/chassis_serial_driver/share/chassis_serial_driver/package.bash'
[9.189s] INFO:colcon.colcon_core.shell:Creating package script '/home/lkf/Desktop/chassis_serial/install/chassis_serial_driver/share/chassis_serial_driver/package.zsh'
[9.189s] Level 1:colcon.colcon_core.environment:create_file_with_runtime_dependencies(/home/lkf/Desktop/chassis_serial/install/chassis_serial_driver/share/colcon-core/packages/chassis_serial_driver)
[9.189s] DEBUG:colcon.colcon_parallel_executor.executor.parallel:closing loop
[9.189s] DEBUG:colcon.colcon_parallel_executor.executor.parallel:loop closed
[9.189s] DEBUG:colcon.colcon_parallel_executor.executor.parallel:run_until_complete finished with '0'
[9.189s] DEBUG:colcon.colcon_core.event_reactor:joining thread
[9.194s] INFO:colcon.colcon_core.plugin_system:Skipping extension 'colcon_notification.desktop_notification.terminal_notifier': Not used on non-Darwin systems
[9.194s] INFO:colcon.colcon_core.plugin_system:Skipping extension 'colcon_notification.desktop_notification.win32': Not used on non-Windows systems
[9.194s] INFO:colcon.colcon_notification.desktop_notification:Sending desktop notification using 'notify2'
[9.206s] DEBUG:colcon.colcon_core.event_reactor:joined thread
[9.206s] INFO:colcon.colcon_core.shell:Creating prefix script '/home/lkf/Desktop/chassis_serial/install/local_setup.ps1'
[9.208s] INFO:colcon.colcon_core.shell:Creating prefix util module '/home/lkf/Desktop/chassis_serial/install/_local_setup_util_ps1.py'
[9.209s] INFO:colcon.colcon_core.shell:Creating prefix chain script '/home/lkf/Desktop/chassis_serial/install/setup.ps1'
[9.210s] INFO:colcon.colcon_core.shell:Creating prefix script '/home/lkf/Desktop/chassis_serial/install/local_setup.sh'
[9.210s] INFO:colcon.colcon_core.shell:Creating prefix util module '/home/lkf/Desktop/chassis_serial/install/_local_setup_util_sh.py'
[9.211s] INFO:colcon.colcon_core.shell:Creating prefix chain script '/home/lkf/Desktop/chassis_serial/install/setup.sh'
[9.211s] INFO:colcon.colcon_core.shell:Creating prefix script '/home/lkf/Desktop/chassis_serial/install/local_setup.bash'
[9.212s] INFO:colcon.colcon_core.shell:Creating prefix chain script '/home/lkf/Desktop/chassis_serial/install/setup.bash'
[9.213s] INFO:colcon.colcon_core.shell:Creating prefix script '/home/lkf/Desktop/chassis_serial/install/local_setup.zsh'
[9.213s] INFO:colcon.colcon_core.shell:Creating prefix chain script '/home/lkf/Desktop/chassis_serial/install/setup.zsh'
