[0.009s] Invoking command in '/home/lkf/Desktop/chassis_serial/build/chassis_serial_driver': CMAKE_PREFIX_PATH=/opt/ros/humble /usr/bin/cmake /home/lkf/Desktop/chassis_serial -DCMAKE_INSTALL_PREFIX=/home/lkf/Desktop/chassis_serial/install/chassis_serial_driver
[0.084s] -- The C compiler identification is GNU 11.4.0
[0.145s] -- The CXX compiler identification is GNU 11.4.0
[0.151s] -- Detecting C compiler ABI info
[0.218s] -- Detecting C compiler ABI info - done
[0.224s] -- Check for working C compiler: /usr/bin/cc - skipped
[0.224s] -- Detecting C compile features
[0.224s] -- Detecting C compile features - done
[0.226s] -- Detecting CXX compiler ABI info
[0.297s] -- Detecting CXX compiler ABI info - done
[0.303s] -- Check for working CXX compiler: /usr/bin/c++ - skipped
[0.303s] -- Detecting CXX compile features
[0.303s] -- Detecting CXX compile features - done
[0.306s] -- Found ament_cmake_auto: 1.3.10 (/opt/ros/humble/share/ament_cmake_auto/cmake)
[0.608s] -- Found Python3: /usr/bin/python3 (found version "3.10.12") found components: Interpreter 
[0.768s] -- Found rosidl_generator_c: 3.1.5 (/opt/ros/humble/share/rosidl_generator_c/cmake)
[0.772s] -- Found rosidl_adapter: 3.1.5 (/opt/ros/humble/share/rosidl_adapter/cmake)
[0.779s] -- Found rosidl_generator_cpp: 3.1.5 (/opt/ros/humble/share/rosidl_generator_cpp/cmake)
[0.788s] -- Using all available rosidl_typesupport_c: rosidl_typesupport_fastrtps_c;rosidl_typesupport_introspection_c
[0.801s] -- Using all available rosidl_typesupport_cpp: rosidl_typesupport_fastrtps_cpp;rosidl_typesupport_introspection_cpp
[0.835s] -- Found rmw_implementation_cmake: 6.1.2 (/opt/ros/humble/share/rmw_implementation_cmake/cmake)
[0.837s] -- Found rmw_fastrtps_cpp: 6.2.7 (/opt/ros/humble/share/rmw_fastrtps_cpp/cmake)
[0.923s] -- Found OpenSSL: /usr/lib/x86_64-linux-gnu/libcrypto.so (found version "3.0.2")  
[0.949s] -- Found FastRTPS: /opt/ros/humble/include  
[0.991s] -- Using RMW implementation 'rmw_fastrtps_cpp' as default
[0.998s] -- Looking for pthread.h
[1.065s] -- Looking for pthread.h - found
[1.065s] -- Performing Test CMAKE_HAVE_LIBC_PTHREAD
[1.134s] -- Performing Test CMAKE_HAVE_LIBC_PTHREAD - Success
[1.135s] -- Found Threads: TRUE  
[1.211s] -- Found asio_cmake_module: 1.2.0 (/opt/ros/humble/share/asio_cmake_module/cmake)
[1.212s] -- Found ASIO: /usr/include  
[1.308s] -- Found ament_lint_auto: 0.12.11 (/opt/ros/humble/share/ament_lint_auto/cmake)
[1.343s] -- Added test 'cppcheck' to perform static code analysis on C / C++ code
[1.343s] -- Configured cppcheck include dirs: /home/lkf/Desktop/chassis_serial/include
[1.343s] -- Configured cppcheck exclude dirs and/or files: 
[1.349s] -- Added test 'cpplint' to check C / C++ code against the Google style
[1.349s] -- Configured cpplint exclude dirs and/or files: 
[1.350s] -- Added test 'flake8' to check Python code syntax and style conventions
[1.352s] -- Added test 'lint_cmake' to check CMake code style
[1.353s] -- Added test 'pep257' to check Python code against some of the docstring style conventions in PEP 257
[1.354s] -- Added test 'xmllint' to check XML markup files
[1.357s] -- Configuring done
[1.375s] -- Generating done
[1.377s] -- Build files have been written to: /home/lkf/Desktop/chassis_serial/build/chassis_serial_driver
[1.387s] Invoked command in '/home/lkf/Desktop/chassis_serial/build/chassis_serial_driver' returned '0': CMAKE_PREFIX_PATH=/opt/ros/humble /usr/bin/cmake /home/lkf/Desktop/chassis_serial -DCMAKE_INSTALL_PREFIX=/home/lkf/Desktop/chassis_serial/install/chassis_serial_driver
[1.389s] Invoking command in '/home/lkf/Desktop/chassis_serial/build/chassis_serial_driver': CMAKE_PREFIX_PATH=/opt/ros/humble /usr/bin/cmake --build /home/lkf/Desktop/chassis_serial/build/chassis_serial_driver -- -j16 -l16
[1.443s] [ 60%] [32mBuilding CXX object CMakeFiles/chassis_serial_driver_node.dir/rclcpp_components/node_main_chassis_serial_driver_node.cpp.o[0m
[1.444s] [ 60%] [32mBuilding CXX object CMakeFiles/chassis_serial_driver.dir/src/chassis_serial_driver.cpp.o[0m
[1.444s] [ 60%] [32mBuilding CXX object CMakeFiles/chassis_serial_driver.dir/src/crc.cpp.o[0m
[3.833s] [ 80%] [32m[1mLinking CXX executable chassis_serial_driver_node[0m
[3.946s] [ 80%] Built target chassis_serial_driver_node
[8.526s] [100%] [32m[1mLinking CXX shared library libchassis_serial_driver.so[0m
[8.882s] [100%] Built target chassis_serial_driver
[8.894s] Invoked command in '/home/lkf/Desktop/chassis_serial/build/chassis_serial_driver' returned '0': CMAKE_PREFIX_PATH=/opt/ros/humble /usr/bin/cmake --build /home/lkf/Desktop/chassis_serial/build/chassis_serial_driver -- -j16 -l16
[8.939s] Invoking command in '/home/lkf/Desktop/chassis_serial/build/chassis_serial_driver': CMAKE_PREFIX_PATH=/opt/ros/humble /usr/bin/cmake --install /home/lkf/Desktop/chassis_serial/build/chassis_serial_driver
[8.945s] -- Install configuration: ""
[8.945s] -- Installing: /home/lkf/Desktop/chassis_serial/install/chassis_serial_driver/lib/chassis_serial_driver/chassis_serial_driver_node
[8.946s] -- Set runtime path of "/home/lkf/Desktop/chassis_serial/install/chassis_serial_driver/lib/chassis_serial_driver/chassis_serial_driver_node" to ""
[8.946s] -- Installing: /home/lkf/Desktop/chassis_serial/install/chassis_serial_driver/include
[8.946s] -- Installing: /home/lkf/Desktop/chassis_serial/install/chassis_serial_driver/include/chassis_serial_driver
[8.946s] -- Installing: /home/lkf/Desktop/chassis_serial/install/chassis_serial_driver/include/chassis_serial_driver/packet.hpp
[8.946s] -- Installing: /home/lkf/Desktop/chassis_serial/install/chassis_serial_driver/include/chassis_serial_driver/crc.hpp
[8.946s] -- Installing: /home/lkf/Desktop/chassis_serial/install/chassis_serial_driver/include/chassis_serial_driver/chassis_serial_driver.hpp
[8.946s] -- Installing: /home/lkf/Desktop/chassis_serial/install/chassis_serial_driver/share/chassis_serial_driver/environment/library_path.sh
[8.946s] -- Installing: /home/lkf/Desktop/chassis_serial/install/chassis_serial_driver/share/chassis_serial_driver/environment/library_path.dsv
[8.946s] -- Installing: /home/lkf/Desktop/chassis_serial/install/chassis_serial_driver/lib/libchassis_serial_driver.so
[8.952s] -- Set runtime path of "/home/lkf/Desktop/chassis_serial/install/chassis_serial_driver/lib/libchassis_serial_driver.so" to ""
[8.952s] -- Installing: /home/lkf/Desktop/chassis_serial/install/chassis_serial_driver/share/chassis_serial_driver/config
[8.953s] -- Installing: /home/lkf/Desktop/chassis_serial/install/chassis_serial_driver/share/chassis_serial_driver/config/serial_driver.yaml
[8.953s] -- Installing: /home/lkf/Desktop/chassis_serial/install/chassis_serial_driver/share/chassis_serial_driver/launch
[8.953s] -- Installing: /home/lkf/Desktop/chassis_serial/install/chassis_serial_driver/share/chassis_serial_driver/launch/serial_driver.launch.py
[8.953s] -- Installing: /home/lkf/Desktop/chassis_serial/install/chassis_serial_driver/share/ament_index/resource_index/package_run_dependencies/chassis_serial_driver
[8.953s] -- Installing: /home/lkf/Desktop/chassis_serial/install/chassis_serial_driver/share/ament_index/resource_index/parent_prefix_path/chassis_serial_driver
[8.953s] -- Installing: /home/lkf/Desktop/chassis_serial/install/chassis_serial_driver/share/chassis_serial_driver/environment/ament_prefix_path.sh
[8.953s] -- Installing: /home/lkf/Desktop/chassis_serial/install/chassis_serial_driver/share/chassis_serial_driver/environment/ament_prefix_path.dsv
[8.953s] -- Installing: /home/lkf/Desktop/chassis_serial/install/chassis_serial_driver/share/chassis_serial_driver/environment/path.sh
[8.954s] -- Installing: /home/lkf/Desktop/chassis_serial/install/chassis_serial_driver/share/chassis_serial_driver/environment/path.dsv
[8.954s] -- Installing: /home/lkf/Desktop/chassis_serial/install/chassis_serial_driver/share/chassis_serial_driver/local_setup.bash
[8.954s] -- Installing: /home/lkf/Desktop/chassis_serial/install/chassis_serial_driver/share/chassis_serial_driver/local_setup.sh
[8.954s] -- Installing: /home/lkf/Desktop/chassis_serial/install/chassis_serial_driver/share/chassis_serial_driver/local_setup.zsh
[8.954s] -- Installing: /home/lkf/Desktop/chassis_serial/install/chassis_serial_driver/share/chassis_serial_driver/local_setup.dsv
[8.954s] -- Installing: /home/lkf/Desktop/chassis_serial/install/chassis_serial_driver/share/chassis_serial_driver/package.dsv
[8.954s] -- Installing: /home/lkf/Desktop/chassis_serial/install/chassis_serial_driver/share/ament_index/resource_index/packages/chassis_serial_driver
[8.955s] -- Installing: /home/lkf/Desktop/chassis_serial/install/chassis_serial_driver/share/ament_index/resource_index/rclcpp_components/chassis_serial_driver
[8.955s] -- Installing: /home/lkf/Desktop/chassis_serial/install/chassis_serial_driver/share/chassis_serial_driver/cmake/ament_cmake_export_dependencies-extras.cmake
[8.955s] -- Installing: /home/lkf/Desktop/chassis_serial/install/chassis_serial_driver/share/chassis_serial_driver/cmake/ament_cmake_export_include_directories-extras.cmake
[8.955s] -- Installing: /home/lkf/Desktop/chassis_serial/install/chassis_serial_driver/share/chassis_serial_driver/cmake/ament_cmake_export_libraries-extras.cmake
[8.955s] -- Installing: /home/lkf/Desktop/chassis_serial/install/chassis_serial_driver/share/chassis_serial_driver/cmake/chassis_serial_driverConfig.cmake
[8.955s] -- Installing: /home/lkf/Desktop/chassis_serial/install/chassis_serial_driver/share/chassis_serial_driver/cmake/chassis_serial_driverConfig-version.cmake
[8.956s] -- Installing: /home/lkf/Desktop/chassis_serial/install/chassis_serial_driver/share/chassis_serial_driver/package.xml
[8.958s] Invoked command in '/home/lkf/Desktop/chassis_serial/build/chassis_serial_driver' returned '0': CMAKE_PREFIX_PATH=/opt/ros/humble /usr/bin/cmake --install /home/lkf/Desktop/chassis_serial/build/chassis_serial_driver
