[0.011s] Invoking command in '/home/lkf/Desktop/chassis_serial/build/chassis_serial_driver': CMAKE_PREFIX_PATH=/opt/ros/humble /usr/bin/cmake /home/lkf/Desktop/chassis_serial -DCMAKE_INSTALL_PREFIX=/home/lkf/Desktop/chassis_serial/install/chassis_serial_driver
[0.067s] -- The C compiler identification is GNU 11.4.0
[0.117s] -- The CXX compiler identification is GNU 11.4.0
[0.124s] -- Detecting C compiler ABI info
[0.190s] -- Detecting C compiler ABI info - done
[0.195s] -- Check for working C compiler: /usr/bin/cc - skipped
[0.195s] -- Detecting C compile features
[0.195s] -- Detecting C compile features - done
[0.197s] -- Detecting CXX compiler ABI info
[0.286s] -- Detecting CXX compiler ABI info - done
[0.291s] -- Check for working CXX compiler: /usr/bin/c++ - skipped
[0.291s] -- Detecting CXX compile features
[0.292s] -- Detecting CXX compile features - done
[0.294s] -- Found ament_cmake_auto: 1.3.10 (/opt/ros/humble/share/ament_cmake_auto/cmake)
[0.599s] -- Found Python3: /usr/bin/python3 (found version "3.10.12") found components: Interpreter 
[0.761s] -- Found rosidl_generator_c: 3.1.5 (/opt/ros/humble/share/rosidl_generator_c/cmake)
[0.765s] -- Found rosidl_adapter: 3.1.5 (/opt/ros/humble/share/rosidl_adapter/cmake)
[0.772s] -- Found rosidl_generator_cpp: 3.1.5 (/opt/ros/humble/share/rosidl_generator_cpp/cmake)
[0.781s] -- Using all available rosidl_typesupport_c: rosidl_typesupport_fastrtps_c;rosidl_typesupport_introspection_c
[0.793s] -- Using all available rosidl_typesupport_cpp: rosidl_typesupport_fastrtps_cpp;rosidl_typesupport_introspection_cpp
[0.827s] -- Found rmw_implementation_cmake: 6.1.2 (/opt/ros/humble/share/rmw_implementation_cmake/cmake)
[0.829s] -- Found rmw_fastrtps_cpp: 6.2.7 (/opt/ros/humble/share/rmw_fastrtps_cpp/cmake)
[0.908s] -- Found OpenSSL: /usr/lib/x86_64-linux-gnu/libcrypto.so (found version "3.0.2")  
[0.937s] -- Found FastRTPS: /opt/ros/humble/include  
[0.980s] -- Using RMW implementation 'rmw_fastrtps_cpp' as default
[0.987s] -- Looking for pthread.h
[1.062s] -- Looking for pthread.h - found
[1.062s] -- Performing Test CMAKE_HAVE_LIBC_PTHREAD
[1.138s] -- Performing Test CMAKE_HAVE_LIBC_PTHREAD - Success
[1.138s] -- Found Threads: TRUE  
[1.213s] -- Found asio_cmake_module: 1.2.0 (/opt/ros/humble/share/asio_cmake_module/cmake)
[1.214s] -- Found ASIO: /usr/include  
[1.309s] -- Found ament_lint_auto: 0.12.11 (/opt/ros/humble/share/ament_lint_auto/cmake)
[1.348s] -- Added test 'cppcheck' to perform static code analysis on C / C++ code
[1.349s] -- Configured cppcheck include dirs: /home/lkf/Desktop/chassis_serial/include
[1.349s] -- Configured cppcheck exclude dirs and/or files: 
[1.359s] -- Added test 'cpplint' to check C / C++ code against the Google style
[1.359s] -- Configured cpplint exclude dirs and/or files: 
[1.361s] -- Added test 'flake8' to check Python code syntax and style conventions
[1.364s] -- Added test 'lint_cmake' to check CMake code style
[1.366s] -- Added test 'pep257' to check Python code against some of the docstring style conventions in PEP 257
[1.367s] -- Added test 'xmllint' to check XML markup files
[1.370s] -- Configuring done
[1.388s] -- Generating done
[1.390s] -- Build files have been written to: /home/lkf/Desktop/chassis_serial/build/chassis_serial_driver
[1.399s] Invoked command in '/home/lkf/Desktop/chassis_serial/build/chassis_serial_driver' returned '0': CMAKE_PREFIX_PATH=/opt/ros/humble /usr/bin/cmake /home/lkf/Desktop/chassis_serial -DCMAKE_INSTALL_PREFIX=/home/lkf/Desktop/chassis_serial/install/chassis_serial_driver
[1.401s] Invoking command in '/home/lkf/Desktop/chassis_serial/build/chassis_serial_driver': CMAKE_PREFIX_PATH=/opt/ros/humble /usr/bin/cmake --build /home/lkf/Desktop/chassis_serial/build/chassis_serial_driver -- -j16 -l16
[1.453s] [ 60%] [32mBuilding CXX object CMakeFiles/chassis_serial_driver.dir/src/crc.cpp.o[0m
[1.453s] [ 60%] [32mBuilding CXX object CMakeFiles/chassis_serial_driver.dir/src/chassis_serial_driver.cpp.o[0m
[1.453s] [ 60%] [32mBuilding CXX object CMakeFiles/chassis_serial_driver_node.dir/rclcpp_components/node_main_chassis_serial_driver_node.cpp.o[0m
[3.818s] [ 80%] [32m[1mLinking CXX executable chassis_serial_driver_node[0m
[3.919s] [ 80%] Built target chassis_serial_driver_node
[8.371s] [100%] [32m[1mLinking CXX shared library libchassis_serial_driver.so[0m
[8.709s] [100%] Built target chassis_serial_driver
[8.719s] Invoked command in '/home/lkf/Desktop/chassis_serial/build/chassis_serial_driver' returned '0': CMAKE_PREFIX_PATH=/opt/ros/humble /usr/bin/cmake --build /home/lkf/Desktop/chassis_serial/build/chassis_serial_driver -- -j16 -l16
[8.764s] Invoking command in '/home/lkf/Desktop/chassis_serial/build/chassis_serial_driver': CMAKE_PREFIX_PATH=/opt/ros/humble /usr/bin/cmake --install /home/lkf/Desktop/chassis_serial/build/chassis_serial_driver
[8.770s] -- Install configuration: ""
[8.770s] -- Installing: /home/lkf/Desktop/chassis_serial/install/chassis_serial_driver/lib/chassis_serial_driver/chassis_serial_driver_node
[8.771s] -- Set runtime path of "/home/lkf/Desktop/chassis_serial/install/chassis_serial_driver/lib/chassis_serial_driver/chassis_serial_driver_node" to ""
[8.771s] -- Up-to-date: /home/lkf/Desktop/chassis_serial/install/chassis_serial_driver/include
[8.771s] -- Up-to-date: /home/lkf/Desktop/chassis_serial/install/chassis_serial_driver/include/chassis_serial_driver
[8.771s] -- Up-to-date: /home/lkf/Desktop/chassis_serial/install/chassis_serial_driver/include/chassis_serial_driver/packet.hpp
[8.771s] -- Up-to-date: /home/lkf/Desktop/chassis_serial/install/chassis_serial_driver/include/chassis_serial_driver/crc.hpp
[8.771s] -- Up-to-date: /home/lkf/Desktop/chassis_serial/install/chassis_serial_driver/include/chassis_serial_driver/chassis_serial_driver.hpp
[8.772s] -- Up-to-date: /home/lkf/Desktop/chassis_serial/install/chassis_serial_driver/share/chassis_serial_driver/environment/library_path.sh
[8.772s] -- Installing: /home/lkf/Desktop/chassis_serial/install/chassis_serial_driver/share/chassis_serial_driver/environment/library_path.dsv
[8.772s] -- Installing: /home/lkf/Desktop/chassis_serial/install/chassis_serial_driver/lib/libchassis_serial_driver.so
[8.781s] -- Set runtime path of "/home/lkf/Desktop/chassis_serial/install/chassis_serial_driver/lib/libchassis_serial_driver.so" to ""
[8.781s] -- Up-to-date: /home/lkf/Desktop/chassis_serial/install/chassis_serial_driver/share/chassis_serial_driver/config
[8.781s] -- Up-to-date: /home/lkf/Desktop/chassis_serial/install/chassis_serial_driver/share/chassis_serial_driver/config/serial_driver.yaml
[8.781s] -- Up-to-date: /home/lkf/Desktop/chassis_serial/install/chassis_serial_driver/share/chassis_serial_driver/launch
[8.781s] -- Up-to-date: /home/lkf/Desktop/chassis_serial/install/chassis_serial_driver/share/chassis_serial_driver/launch/serial_driver.launch.py
[8.781s] -- Installing: /home/lkf/Desktop/chassis_serial/install/chassis_serial_driver/share/ament_index/resource_index/package_run_dependencies/chassis_serial_driver
[8.781s] -- Installing: /home/lkf/Desktop/chassis_serial/install/chassis_serial_driver/share/ament_index/resource_index/parent_prefix_path/chassis_serial_driver
[8.781s] -- Up-to-date: /home/lkf/Desktop/chassis_serial/install/chassis_serial_driver/share/chassis_serial_driver/environment/ament_prefix_path.sh
[8.781s] -- Installing: /home/lkf/Desktop/chassis_serial/install/chassis_serial_driver/share/chassis_serial_driver/environment/ament_prefix_path.dsv
[8.782s] -- Up-to-date: /home/lkf/Desktop/chassis_serial/install/chassis_serial_driver/share/chassis_serial_driver/environment/path.sh
[8.782s] -- Installing: /home/lkf/Desktop/chassis_serial/install/chassis_serial_driver/share/chassis_serial_driver/environment/path.dsv
[8.782s] -- Installing: /home/lkf/Desktop/chassis_serial/install/chassis_serial_driver/share/chassis_serial_driver/local_setup.bash
[8.782s] -- Installing: /home/lkf/Desktop/chassis_serial/install/chassis_serial_driver/share/chassis_serial_driver/local_setup.sh
[8.782s] -- Installing: /home/lkf/Desktop/chassis_serial/install/chassis_serial_driver/share/chassis_serial_driver/local_setup.zsh
[8.782s] -- Installing: /home/lkf/Desktop/chassis_serial/install/chassis_serial_driver/share/chassis_serial_driver/local_setup.dsv
[8.782s] -- Installing: /home/lkf/Desktop/chassis_serial/install/chassis_serial_driver/share/chassis_serial_driver/package.dsv
[8.783s] -- Installing: /home/lkf/Desktop/chassis_serial/install/chassis_serial_driver/share/ament_index/resource_index/packages/chassis_serial_driver
[8.783s] -- Installing: /home/lkf/Desktop/chassis_serial/install/chassis_serial_driver/share/ament_index/resource_index/rclcpp_components/chassis_serial_driver
[8.783s] -- Installing: /home/lkf/Desktop/chassis_serial/install/chassis_serial_driver/share/chassis_serial_driver/cmake/ament_cmake_export_dependencies-extras.cmake
[8.783s] -- Installing: /home/lkf/Desktop/chassis_serial/install/chassis_serial_driver/share/chassis_serial_driver/cmake/ament_cmake_export_include_directories-extras.cmake
[8.783s] -- Installing: /home/lkf/Desktop/chassis_serial/install/chassis_serial_driver/share/chassis_serial_driver/cmake/ament_cmake_export_libraries-extras.cmake
[8.783s] -- Installing: /home/lkf/Desktop/chassis_serial/install/chassis_serial_driver/share/chassis_serial_driver/cmake/chassis_serial_driverConfig.cmake
[8.784s] -- Installing: /home/lkf/Desktop/chassis_serial/install/chassis_serial_driver/share/chassis_serial_driver/cmake/chassis_serial_driverConfig-version.cmake
[8.784s] -- Up-to-date: /home/lkf/Desktop/chassis_serial/install/chassis_serial_driver/share/chassis_serial_driver/package.xml
[8.786s] Invoked command in '/home/lkf/Desktop/chassis_serial/build/chassis_serial_driver' returned '0': CMAKE_PREFIX_PATH=/opt/ros/humble /usr/bin/cmake --install /home/lkf/Desktop/chassis_serial/build/chassis_serial_driver
