running egg_info
creating ../../build/volleyball_vision/volleyball_vision.egg-info
writing ../../build/volleyball_vision/volleyball_vision.egg-info/PKG-INFO
writing dependency_links to ../../build/volleyball_vision/volleyball_vision.egg-info/dependency_links.txt
writing requirements to ../../build/volleyball_vision/volleyball_vision.egg-info/requires.txt
writing top-level names to ../../build/volleyball_vision/volleyball_vision.egg-info/top_level.txt
writing manifest file '../../build/volleyball_vision/volleyball_vision.egg-info/SOURCES.txt'
reading manifest file '../../build/volleyball_vision/volleyball_vision.egg-info/SOURCES.txt'
writing manifest file '../../build/volleyball_vision/volleyball_vision.egg-info/SOURCES.txt'
running build
running build_py
creating /home/liwenjuan/volleyball/build/volleyball_vision/build/lib/volleyball_vision
copying volleyball_vision/__init__.py -> /home/liwenjuan/volleyball/build/volleyball_vision/build/lib/volleyball_vision
running install
running install_lib
creating /home/liwenjuan/volleyball/install/volleyball_vision/lib/python3.10/site-packages/volleyball_vision
copying /home/liwenjuan/volleyball/build/volleyball_vision/build/lib/volleyball_vision/__init__.py -> /home/liwenjuan/volleyball/install/volleyball_vision/lib/python3.10/site-packages/volleyball_vision
byte-compiling /home/liwenjuan/volleyball/install/volleyball_vision/lib/python3.10/site-packages/volleyball_vision/__init__.py to __init__.cpython-310.pyc
running install_data
creating /home/liwenjuan/volleyball/install/volleyball_vision/share/ament_index/resource_index/packages
copying resource/volleyball_vision -> /home/liwenjuan/volleyball/install/volleyball_vision/share/ament_index/resource_index/packages
copying package.xml -> /home/liwenjuan/volleyball/install/volleyball_vision/share/volleyball_vision
running install_egg_info
Copying ../../build/volleyball_vision/volleyball_vision.egg-info to /home/liwenjuan/volleyball/install/volleyball_vision/lib/python3.10/site-packages/volleyball_vision-0.0.0-py3.10.egg-info
running install_scripts
writing list of installed files to '/home/liwenjuan/volleyball/build/volleyball_vision/install.log'
