[0.481s] Invoking command in '/home/liwenjuan/volleyball/src/volleyball_vision': PYTHONPATH=/home/liwenjuan/volleyball/build/volleyball_vision/prefix_override:/usr/lib/python3/dist-packages/colcon_core/task/python/colcon_distutils_commands:/home/liwenjuan/volleyball/install/volleyball_vision/lib/python3.10/site-packages:${PYTHONPATH} /usr/bin/python3 -W ignore:setup.py install is deprecated -W ignore:easy_install command is deprecated setup.py egg_info --egg-base ../../build/volleyball_vision build --build-base /home/liwenjuan/volleyball/build/volleyball_vision/build install --record /home/liwenjuan/volleyball/build/volleyball_vision/install.log --single-version-externally-managed install_data
[0.592s] /home/liwenjuan/.local/lib/python3.10/site-packages/setuptools/_distutils/dist.py:261: UserWarning: Unknown distribution option: 'tests_require'
[0.592s]   warnings.warn(msg)
[0.648s] running egg_info
[0.657s] creating ../../build/volleyball_vision/volleyball_vision.egg-info
[0.657s] writing ../../build/volleyball_vision/volleyball_vision.egg-info/PKG-INFO
[0.657s] writing dependency_links to ../../build/volleyball_vision/volleyball_vision.egg-info/dependency_links.txt
[0.657s] writing requirements to ../../build/volleyball_vision/volleyball_vision.egg-info/requires.txt
[0.657s] writing top-level names to ../../build/volleyball_vision/volleyball_vision.egg-info/top_level.txt
[0.657s] writing manifest file '../../build/volleyball_vision/volleyball_vision.egg-info/SOURCES.txt'
[0.676s] reading manifest file '../../build/volleyball_vision/volleyball_vision.egg-info/SOURCES.txt'
[0.676s] writing manifest file '../../build/volleyball_vision/volleyball_vision.egg-info/SOURCES.txt'
[0.676s] running build
[0.676s] running build_py
[0.677s] creating /home/liwenjuan/volleyball/build/volleyball_vision/build/lib/volleyball_vision
[0.677s] copying volleyball_vision/__init__.py -> /home/liwenjuan/volleyball/build/volleyball_vision/build/lib/volleyball_vision
[0.677s] running install
[0.680s] running install_lib
[0.688s] creating /home/liwenjuan/volleyball/install/volleyball_vision/lib/python3.10/site-packages/volleyball_vision
[0.689s] copying /home/liwenjuan/volleyball/build/volleyball_vision/build/lib/volleyball_vision/__init__.py -> /home/liwenjuan/volleyball/install/volleyball_vision/lib/python3.10/site-packages/volleyball_vision
[0.689s] byte-compiling /home/liwenjuan/volleyball/install/volleyball_vision/lib/python3.10/site-packages/volleyball_vision/__init__.py to __init__.cpython-310.pyc
[0.689s] running install_data
[0.689s] creating /home/liwenjuan/volleyball/install/volleyball_vision/share/ament_index/resource_index/packages
[0.689s] copying resource/volleyball_vision -> /home/liwenjuan/volleyball/install/volleyball_vision/share/ament_index/resource_index/packages
[0.689s] copying package.xml -> /home/liwenjuan/volleyball/install/volleyball_vision/share/volleyball_vision
[0.690s] running install_egg_info
[0.698s] Copying ../../build/volleyball_vision/volleyball_vision.egg-info to /home/liwenjuan/volleyball/install/volleyball_vision/lib/python3.10/site-packages/volleyball_vision-0.0.0-py3.10.egg-info
[0.699s] running install_scripts
[0.773s] writing list of installed files to '/home/liwenjuan/volleyball/build/volleyball_vision/install.log'
[0.787s] Invoked command in '/home/liwenjuan/volleyball/src/volleyball_vision' returned '0': PYTHONPATH=/home/liwenjuan/volleyball/build/volleyball_vision/prefix_override:/usr/lib/python3/dist-packages/colcon_core/task/python/colcon_distutils_commands:/home/liwenjuan/volleyball/install/volleyball_vision/lib/python3.10/site-packages:${PYTHONPATH} /usr/bin/python3 -W ignore:setup.py install is deprecated -W ignore:easy_install command is deprecated setup.py egg_info --egg-base ../../build/volleyball_vision build --build-base /home/liwenjuan/volleyball/build/volleyball_vision/build install --record /home/liwenjuan/volleyball/build/volleyball_vision/install.log --single-version-externally-managed install_data
