[0.386s] DEBUG:colcon:Command line arguments: ['/usr/bin/colcon', 'build']
[0.386s] DEBUG:colcon:Parsed command line arguments: Namespace(allow_overriding=[], ament_cmake_args=None, base_paths=['.'], build_base='build', catkin_cmake_args=None, catkin_skip_building_tests=False, cmake_args=None, cmake_clean_cache=False, cmake_clean_first=False, cmake_force_configure=False, cmake_target=None, cmake_target_skip_unavailable=False, continue_on_error=False, event_handlers=None, executor='parallel', ignore_user_meta=False, install_base='install', log_base=None, log_level=None, main=<bound method BuildVerb.main of <colcon_core.verb.build.BuildVerb object at 0xffff85d0a040>>, merge_install=False, metas=['./colcon.meta'], packages_above=None, packages_above_and_dependencies=None, packages_above_depth=None, packages_end=None, packages_ignore=None, packages_ignore_regex=None, packages_select=None, packages_select_build_failed=False, packages_select_by_dep=None, packages_select_regex=None, packages_select_test_failures=False, packages_skip=None, packages_skip_build_finished=False, packages_skip_by_dep=None, packages_skip_regex=None, packages_skip_test_passed=False, packages_skip_up_to=None, packages_start=None, packages_up_to=None, packages_up_to_regex=None, parallel_workers=4, paths=None, symlink_install=False, test_result_base=None, verb_extension=<colcon_core.verb.build.BuildVerb object at 0xffff85d0a040>, verb_name='build', verb_parser=<colcon_defaults.argument_parser.defaults.DefaultArgumentsDecorator object at 0xffff85b31f40>)
[0.708s] Level 1:colcon.colcon_core.package_discovery:discover_packages(colcon_meta) check parameters
[0.708s] Level 1:colcon.colcon_core.package_discovery:discover_packages(recursive) check parameters
[0.708s] Level 1:colcon.colcon_core.package_discovery:discover_packages(ignore) check parameters
[0.708s] Level 1:colcon.colcon_core.package_discovery:discover_packages(path) check parameters
[0.709s] Level 1:colcon.colcon_core.package_discovery:discover_packages(colcon_meta) discover
[0.709s] Level 1:colcon.colcon_core.package_discovery:discover_packages(recursive) discover
[0.709s] INFO:colcon.colcon_core.package_discovery:Crawling recursively for packages in '/home/epoch_orin_nx/Desktop/robot/src/chassis_serial'
[0.709s] Level 1:colcon.colcon_core.package_identification:_identify(.) by extensions ['ignore', 'ignore_ament_install']
[0.709s] Level 1:colcon.colcon_core.package_identification:_identify(.) by extension 'ignore'
[0.710s] Level 1:colcon.colcon_core.package_identification:_identify(.) by extension 'ignore_ament_install'
[0.710s] Level 1:colcon.colcon_core.package_identification:_identify(.) by extensions ['colcon_pkg']
[0.710s] Level 1:colcon.colcon_core.package_identification:_identify(.) by extension 'colcon_pkg'
[0.710s] Level 1:colcon.colcon_core.package_identification:_identify(.) by extensions ['colcon_meta']
[0.710s] Level 1:colcon.colcon_core.package_identification:_identify(.) by extension 'colcon_meta'
[0.710s] Level 1:colcon.colcon_core.package_identification:_identify(.) by extensions ['ros']
[0.710s] Level 1:colcon.colcon_core.package_identification:_identify(.) by extension 'ros'
[0.740s] DEBUG:colcon.colcon_core.package_identification:Package '.' with type 'ros.ament_cmake' and name 'chassis_serial_driver'
[0.741s] Level 1:colcon.colcon_core.package_discovery:discover_packages(recursive) using defaults
[0.741s] Level 1:colcon.colcon_core.package_discovery:discover_packages(ignore) discover
[0.741s] Level 1:colcon.colcon_core.package_discovery:discover_packages(ignore) using defaults
[0.741s] Level 1:colcon.colcon_core.package_discovery:discover_packages(path) discover
[0.741s] Level 1:colcon.colcon_core.package_discovery:discover_packages(path) using defaults
[0.773s] Level 1:colcon.colcon_core.package_discovery:discover_packages(prefix_path) check parameters
[0.773s] Level 1:colcon.colcon_core.package_discovery:discover_packages(prefix_path) discover
[0.778s] DEBUG:colcon.colcon_installed_package_information.package_discovery:Found 260 installed packages in /opt/ros/foxy
[0.781s] Level 1:colcon.colcon_core.package_discovery:discover_packages(prefix_path) using defaults
[0.932s] Level 5:colcon.colcon_core.verb:set package 'chassis_serial_driver' build argument 'cmake_args' from command line to 'None'
[0.933s] Level 5:colcon.colcon_core.verb:set package 'chassis_serial_driver' build argument 'cmake_target' from command line to 'None'
[0.933s] Level 5:colcon.colcon_core.verb:set package 'chassis_serial_driver' build argument 'cmake_target_skip_unavailable' from command line to 'False'
[0.933s] Level 5:colcon.colcon_core.verb:set package 'chassis_serial_driver' build argument 'cmake_clean_cache' from command line to 'False'
[0.933s] Level 5:colcon.colcon_core.verb:set package 'chassis_serial_driver' build argument 'cmake_clean_first' from command line to 'False'
[0.933s] Level 5:colcon.colcon_core.verb:set package 'chassis_serial_driver' build argument 'cmake_force_configure' from command line to 'False'
[0.933s] Level 5:colcon.colcon_core.verb:set package 'chassis_serial_driver' build argument 'ament_cmake_args' from command line to 'None'
[0.933s] Level 5:colcon.colcon_core.verb:set package 'chassis_serial_driver' build argument 'catkin_cmake_args' from command line to 'None'
[0.933s] Level 5:colcon.colcon_core.verb:set package 'chassis_serial_driver' build argument 'catkin_skip_building_tests' from command line to 'False'
[0.933s] DEBUG:colcon.colcon_core.verb:Building package 'chassis_serial_driver' with the following arguments: {'ament_cmake_args': None, 'build_base': '/home/epoch_orin_nx/Desktop/robot/src/chassis_serial/build/chassis_serial_driver', 'catkin_cmake_args': None, 'catkin_skip_building_tests': False, 'cmake_args': None, 'cmake_clean_cache': False, 'cmake_clean_first': False, 'cmake_force_configure': False, 'cmake_target': None, 'cmake_target_skip_unavailable': False, 'install_base': '/home/epoch_orin_nx/Desktop/robot/src/chassis_serial/install/chassis_serial_driver', 'merge_install': False, 'path': '/home/epoch_orin_nx/Desktop/robot/src/chassis_serial', 'symlink_install': False, 'test_result_base': None}
[0.934s] INFO:colcon.colcon_core.executor:Executing jobs using 'parallel' executor
[0.936s] DEBUG:colcon.colcon_parallel_executor.executor.parallel:run_until_complete
[0.936s] INFO:colcon.colcon_ros.task.ament_cmake.build:Building ROS package in '/home/epoch_orin_nx/Desktop/robot/src/chassis_serial' with build type 'ament_cmake'
[0.937s] INFO:colcon.colcon_cmake.task.cmake.build:Building CMake package in '/home/epoch_orin_nx/Desktop/robot/src/chassis_serial'
[0.941s] INFO:colcon.colcon_core.plugin_system:Skipping extension 'colcon_core.shell.bat': Not used on non-Windows systems
[0.941s] INFO:colcon.colcon_core.shell:Skip shell extension 'powershell' for command environment: Not usable outside of PowerShell
[0.941s] DEBUG:colcon.colcon_core.shell:Skip shell extension 'dsv' for command environment
[0.958s] DEBUG:colcon.colcon_core.event_handler.log_command:Invoking command in '/home/epoch_orin_nx/Desktop/robot/src/chassis_serial/build/chassis_serial_driver': CMAKE_PREFIX_PATH=/opt/ros/foxy /usr/bin/cmake /home/epoch_orin_nx/Desktop/robot/src/chassis_serial -DCMAKE_INSTALL_PREFIX=/home/epoch_orin_nx/Desktop/robot/src/chassis_serial/install/chassis_serial_driver
[5.325s] DEBUG:colcon.colcon_core.event_handler.log_command:Invoked command in '/home/epoch_orin_nx/Desktop/robot/src/chassis_serial/build/chassis_serial_driver' returned '0': CMAKE_PREFIX_PATH=/opt/ros/foxy /usr/bin/cmake /home/epoch_orin_nx/Desktop/robot/src/chassis_serial -DCMAKE_INSTALL_PREFIX=/home/epoch_orin_nx/Desktop/robot/src/chassis_serial/install/chassis_serial_driver
[5.333s] DEBUG:colcon.colcon_core.event_handler.log_command:Invoking command in '/home/epoch_orin_nx/Desktop/robot/src/chassis_serial/build/chassis_serial_driver': CMAKE_PREFIX_PATH=/opt/ros/foxy /usr/bin/cmake --build /home/epoch_orin_nx/Desktop/robot/src/chassis_serial/build/chassis_serial_driver -- -j4 -l4
[23.383s] DEBUG:colcon.colcon_core.event_handler.log_command:Invoked command in '/home/epoch_orin_nx/Desktop/robot/src/chassis_serial/build/chassis_serial_driver' returned '0': CMAKE_PREFIX_PATH=/opt/ros/foxy /usr/bin/cmake --build /home/epoch_orin_nx/Desktop/robot/src/chassis_serial/build/chassis_serial_driver -- -j4 -l4
[23.461s] DEBUG:colcon.colcon_core.event_handler.log_command:Invoking command in '/home/epoch_orin_nx/Desktop/robot/src/chassis_serial/build/chassis_serial_driver': CMAKE_PREFIX_PATH=/opt/ros/foxy /usr/bin/cmake --install /home/epoch_orin_nx/Desktop/robot/src/chassis_serial/build/chassis_serial_driver
[23.505s] Level 1:colcon.colcon_core.environment:create_environment_scripts_only(chassis_serial_driver)
[23.506s] DEBUG:colcon.colcon_core.event_handler.log_command:Invoked command in '/home/epoch_orin_nx/Desktop/robot/src/chassis_serial/build/chassis_serial_driver' returned '0': CMAKE_PREFIX_PATH=/opt/ros/foxy /usr/bin/cmake --install /home/epoch_orin_nx/Desktop/robot/src/chassis_serial/build/chassis_serial_driver
[23.512s] Level 1:colcon.colcon_core.environment:checking '/home/epoch_orin_nx/Desktop/robot/src/chassis_serial/install/chassis_serial_driver' for CMake module files
[23.513s] Level 1:colcon.colcon_core.environment:checking '/home/epoch_orin_nx/Desktop/robot/src/chassis_serial/install/chassis_serial_driver' for CMake config files
[23.514s] Level 1:colcon.colcon_core.shell:create_environment_hook('chassis_serial_driver', 'cmake_prefix_path')
[23.514s] INFO:colcon.colcon_core.shell:Creating environment hook '/home/epoch_orin_nx/Desktop/robot/src/chassis_serial/install/chassis_serial_driver/share/chassis_serial_driver/hook/cmake_prefix_path.ps1'
[23.516s] INFO:colcon.colcon_core.shell:Creating environment descriptor '/home/epoch_orin_nx/Desktop/robot/src/chassis_serial/install/chassis_serial_driver/share/chassis_serial_driver/hook/cmake_prefix_path.dsv'
[23.517s] INFO:colcon.colcon_core.shell:Creating environment hook '/home/epoch_orin_nx/Desktop/robot/src/chassis_serial/install/chassis_serial_driver/share/chassis_serial_driver/hook/cmake_prefix_path.sh'
[23.519s] Level 1:colcon.colcon_core.environment:checking '/home/epoch_orin_nx/Desktop/robot/src/chassis_serial/install/chassis_serial_driver/lib'
[23.519s] Level 1:colcon.colcon_core.shell:create_environment_hook('chassis_serial_driver', 'ld_library_path_lib')
[23.520s] INFO:colcon.colcon_core.shell:Creating environment hook '/home/epoch_orin_nx/Desktop/robot/src/chassis_serial/install/chassis_serial_driver/share/chassis_serial_driver/hook/ld_library_path_lib.ps1'
[23.521s] INFO:colcon.colcon_core.shell:Creating environment descriptor '/home/epoch_orin_nx/Desktop/robot/src/chassis_serial/install/chassis_serial_driver/share/chassis_serial_driver/hook/ld_library_path_lib.dsv'
[23.521s] INFO:colcon.colcon_core.shell:Creating environment hook '/home/epoch_orin_nx/Desktop/robot/src/chassis_serial/install/chassis_serial_driver/share/chassis_serial_driver/hook/ld_library_path_lib.sh'
[23.522s] Level 1:colcon.colcon_core.environment:checking '/home/epoch_orin_nx/Desktop/robot/src/chassis_serial/install/chassis_serial_driver/bin'
[23.523s] Level 1:colcon.colcon_core.environment:checking '/home/epoch_orin_nx/Desktop/robot/src/chassis_serial/install/chassis_serial_driver/lib/pkgconfig/chassis_serial_driver.pc'
[23.523s] Level 1:colcon.colcon_core.environment:checking '/home/epoch_orin_nx/Desktop/robot/src/chassis_serial/install/chassis_serial_driver/lib/python3.8/site-packages'
[23.523s] Level 1:colcon.colcon_core.environment:checking '/home/epoch_orin_nx/Desktop/robot/src/chassis_serial/install/chassis_serial_driver/bin'
[23.524s] INFO:colcon.colcon_core.shell:Creating package script '/home/epoch_orin_nx/Desktop/robot/src/chassis_serial/install/chassis_serial_driver/share/chassis_serial_driver/package.ps1'
[23.526s] INFO:colcon.colcon_core.shell:Creating package descriptor '/home/epoch_orin_nx/Desktop/robot/src/chassis_serial/install/chassis_serial_driver/share/chassis_serial_driver/package.dsv'
[23.527s] INFO:colcon.colcon_core.shell:Creating package script '/home/epoch_orin_nx/Desktop/robot/src/chassis_serial/install/chassis_serial_driver/share/chassis_serial_driver/package.sh'
[23.528s] INFO:colcon.colcon_core.shell:Creating package script '/home/epoch_orin_nx/Desktop/robot/src/chassis_serial/install/chassis_serial_driver/share/chassis_serial_driver/package.bash'
[23.530s] INFO:colcon.colcon_core.shell:Creating package script '/home/epoch_orin_nx/Desktop/robot/src/chassis_serial/install/chassis_serial_driver/share/chassis_serial_driver/package.zsh'
[23.531s] Level 1:colcon.colcon_core.environment:create_file_with_runtime_dependencies(/home/epoch_orin_nx/Desktop/robot/src/chassis_serial/install/chassis_serial_driver/share/colcon-core/packages/chassis_serial_driver)
[23.580s] Level 1:colcon.colcon_core.environment:create_environment_scripts_only(chassis_serial_driver)
[23.581s] Level 1:colcon.colcon_core.environment:checking '/home/epoch_orin_nx/Desktop/robot/src/chassis_serial/install/chassis_serial_driver' for CMake module files
[23.583s] Level 1:colcon.colcon_core.environment:checking '/home/epoch_orin_nx/Desktop/robot/src/chassis_serial/install/chassis_serial_driver' for CMake config files
[23.584s] Level 1:colcon.colcon_core.shell:create_environment_hook('chassis_serial_driver', 'cmake_prefix_path')
[23.584s] INFO:colcon.colcon_core.shell:Creating environment hook '/home/epoch_orin_nx/Desktop/robot/src/chassis_serial/install/chassis_serial_driver/share/chassis_serial_driver/hook/cmake_prefix_path.ps1'
[23.586s] INFO:colcon.colcon_core.shell:Creating environment descriptor '/home/epoch_orin_nx/Desktop/robot/src/chassis_serial/install/chassis_serial_driver/share/chassis_serial_driver/hook/cmake_prefix_path.dsv'
[23.587s] INFO:colcon.colcon_core.shell:Creating environment hook '/home/epoch_orin_nx/Desktop/robot/src/chassis_serial/install/chassis_serial_driver/share/chassis_serial_driver/hook/cmake_prefix_path.sh'
[23.588s] Level 1:colcon.colcon_core.environment:checking '/home/epoch_orin_nx/Desktop/robot/src/chassis_serial/install/chassis_serial_driver/lib'
[23.588s] Level 1:colcon.colcon_core.shell:create_environment_hook('chassis_serial_driver', 'ld_library_path_lib')
[23.589s] INFO:colcon.colcon_core.shell:Creating environment hook '/home/epoch_orin_nx/Desktop/robot/src/chassis_serial/install/chassis_serial_driver/share/chassis_serial_driver/hook/ld_library_path_lib.ps1'
[23.590s] INFO:colcon.colcon_core.shell:Creating environment descriptor '/home/epoch_orin_nx/Desktop/robot/src/chassis_serial/install/chassis_serial_driver/share/chassis_serial_driver/hook/ld_library_path_lib.dsv'
[23.591s] INFO:colcon.colcon_core.shell:Creating environment hook '/home/epoch_orin_nx/Desktop/robot/src/chassis_serial/install/chassis_serial_driver/share/chassis_serial_driver/hook/ld_library_path_lib.sh'
[23.591s] Level 1:colcon.colcon_core.environment:checking '/home/epoch_orin_nx/Desktop/robot/src/chassis_serial/install/chassis_serial_driver/bin'
[23.592s] Level 1:colcon.colcon_core.environment:checking '/home/epoch_orin_nx/Desktop/robot/src/chassis_serial/install/chassis_serial_driver/lib/pkgconfig/chassis_serial_driver.pc'
[23.592s] Level 1:colcon.colcon_core.environment:checking '/home/epoch_orin_nx/Desktop/robot/src/chassis_serial/install/chassis_serial_driver/lib/python3.8/site-packages'
[23.593s] Level 1:colcon.colcon_core.environment:checking '/home/epoch_orin_nx/Desktop/robot/src/chassis_serial/install/chassis_serial_driver/bin'
[23.593s] INFO:colcon.colcon_core.shell:Creating package script '/home/epoch_orin_nx/Desktop/robot/src/chassis_serial/install/chassis_serial_driver/share/chassis_serial_driver/package.ps1'
[23.595s] INFO:colcon.colcon_core.shell:Creating package descriptor '/home/epoch_orin_nx/Desktop/robot/src/chassis_serial/install/chassis_serial_driver/share/chassis_serial_driver/package.dsv'
[23.596s] INFO:colcon.colcon_core.shell:Creating package script '/home/epoch_orin_nx/Desktop/robot/src/chassis_serial/install/chassis_serial_driver/share/chassis_serial_driver/package.sh'
[23.597s] INFO:colcon.colcon_core.shell:Creating package script '/home/epoch_orin_nx/Desktop/robot/src/chassis_serial/install/chassis_serial_driver/share/chassis_serial_driver/package.bash'
[23.598s] INFO:colcon.colcon_core.shell:Creating package script '/home/epoch_orin_nx/Desktop/robot/src/chassis_serial/install/chassis_serial_driver/share/chassis_serial_driver/package.zsh'
[23.599s] Level 1:colcon.colcon_core.environment:create_file_with_runtime_dependencies(/home/epoch_orin_nx/Desktop/robot/src/chassis_serial/install/chassis_serial_driver/share/colcon-core/packages/chassis_serial_driver)
[23.599s] DEBUG:colcon.colcon_parallel_executor.executor.parallel:closing loop
[23.600s] DEBUG:colcon.colcon_parallel_executor.executor.parallel:loop closed
[23.600s] DEBUG:colcon.colcon_parallel_executor.executor.parallel:run_until_complete finished with '0'
[23.601s] DEBUG:colcon.colcon_core.event_reactor:joining thread
[23.613s] INFO:colcon.colcon_core.plugin_system:Skipping extension 'colcon_notification.desktop_notification.terminal_notifier': Not used on non-Darwin systems
[23.614s] INFO:colcon.colcon_core.plugin_system:Skipping extension 'colcon_notification.desktop_notification.win32': Not used on non-Windows systems
[23.614s] INFO:colcon.colcon_notification.desktop_notification:Sending desktop notification using 'notify2'
[23.654s] DEBUG:colcon.colcon_core.event_reactor:joined thread
[23.655s] INFO:colcon.colcon_core.shell:Creating prefix script '/home/epoch_orin_nx/Desktop/robot/src/chassis_serial/install/local_setup.ps1'
[23.658s] INFO:colcon.colcon_core.shell:Creating prefix util module '/home/epoch_orin_nx/Desktop/robot/src/chassis_serial/install/_local_setup_util_ps1.py'
[23.661s] INFO:colcon.colcon_core.shell:Creating prefix chain script '/home/epoch_orin_nx/Desktop/robot/src/chassis_serial/install/setup.ps1'
[23.664s] INFO:colcon.colcon_core.shell:Creating prefix script '/home/epoch_orin_nx/Desktop/robot/src/chassis_serial/install/local_setup.sh'
[23.665s] INFO:colcon.colcon_core.shell:Creating prefix util module '/home/epoch_orin_nx/Desktop/robot/src/chassis_serial/install/_local_setup_util_sh.py'
[23.667s] INFO:colcon.colcon_core.shell:Creating prefix chain script '/home/epoch_orin_nx/Desktop/robot/src/chassis_serial/install/setup.sh'
[23.670s] INFO:colcon.colcon_core.shell:Creating prefix script '/home/epoch_orin_nx/Desktop/robot/src/chassis_serial/install/local_setup.bash'
[23.671s] INFO:colcon.colcon_core.shell:Creating prefix chain script '/home/epoch_orin_nx/Desktop/robot/src/chassis_serial/install/setup.bash'
[23.673s] INFO:colcon.colcon_core.shell:Creating prefix script '/home/epoch_orin_nx/Desktop/robot/src/chassis_serial/install/local_setup.zsh'
[23.674s] INFO:colcon.colcon_core.shell:Creating prefix chain script '/home/epoch_orin_nx/Desktop/robot/src/chassis_serial/install/setup.zsh'
